<?xml version="1.0" encoding="UTF-8"?>
<!-- Generated by org.testng.reporters.JUnitReportReporter -->
<testsuite skipped="0" hostname="VAIO" name="com.mt.testcases.LoginTest" tests="1" failures="0" timestamp="23 Jun 2020 21:40:43 GMT" time="37.372" errors="0">
  <testcase name="verifysign" time="37.372" classname="com.mt.testcases.LoginTest"/>
</testsuite> <!-- com.mt.testcases.LoginTest -->
